<?xml version="1.0" encoding="UTF-8"?>
<robot generator="Robot 6.1.1 (Python 3.6.8 on win32)" generated="20240606 15:45:36.942" rpa="false" schemaversion="4">
<suite id="s1" name="Test-GUI-TC-030" source="C:\Users\ysavchenko\Documents\Projects\EMSDATES\DVUM\test-robot-image-gallery\TestSuite-UI\TestsSuite\Test-GUI-TC-030.robot">
<test id="s1-t1" name="Test-GUI-TC-020" line="11">
<kw name="Open NG GALLERY" library="commonKeywords" type="SETUP">
<doc>Open the web browser passed as argument (default browser is chrome) and open the NG GALLERY webpage</doc>
<kw name="Run Keyword" library="BuiltIn">
<arg>Setup ${browser}</arg>
<doc>Executes the given keyword with the given arguments.</doc>
<kw name="Setup chrome" library="commonKeywords">
<doc>Configure the google chrome webdriver</doc>
<kw name="Evaluate" library="BuiltIn">
<var>${options_chrome}</var>
<arg>sys.modules['selenium.webdriver'].ChromeOptions()</arg>
<arg>sys, selenium.webdriver</arg>
<doc>Evaluates the given expression in Python and returns the result.</doc>
<msg timestamp="20240606 15:45:37.295" level="INFO">${options_chrome} = &lt;selenium.webdriver.chrome.options.Options object at 0x000002A8DFE1BB38&gt;</msg>
<status status="PASS" starttime="20240606 15:45:37.295" endtime="20240606 15:45:37.295"/>
</kw>
<kw name="Call Method" library="BuiltIn">
<arg>${options_chrome}</arg>
<arg>add_argument</arg>
<arg>no-sandbox</arg>
<doc>Calls the named method of the given object with the provided arguments.</doc>
<status status="PASS" starttime="20240606 15:45:37.295" endtime="20240606 15:45:37.295"/>
</kw>
<kw name="Call Method" library="BuiltIn">
<arg>${options_chrome}</arg>
<arg>add_argument</arg>
<arg>headless</arg>
<doc>Calls the named method of the given object with the provided arguments.</doc>
<status status="PASS" starttime="20240606 15:45:37.295" endtime="20240606 15:45:37.295"/>
</kw>
<kw name="Call Method" library="BuiltIn">
<arg>${options_chrome}</arg>
<arg>add_argument</arg>
<arg>enable-automation</arg>
<doc>Calls the named method of the given object with the provided arguments.</doc>
<status status="PASS" starttime="20240606 15:45:37.295" endtime="20240606 15:45:37.295"/>
</kw>
<kw name="Call Method" library="BuiltIn">
<arg>${options_chrome}</arg>
<arg>add_argument</arg>
<arg>disable-gpu</arg>
<doc>Calls the named method of the given object with the provided arguments.</doc>
<status status="PASS" starttime="20240606 15:45:37.295" endtime="20240606 15:45:37.295"/>
</kw>
<kw name="Call Method" library="BuiltIn">
<arg>${options_chrome}</arg>
<arg>add_argument</arg>
<arg>force-device-scale-factor\=0.65</arg>
<doc>Calls the named method of the given object with the provided arguments.</doc>
<status status="PASS" starttime="20240606 15:45:37.295" endtime="20240606 15:45:37.295"/>
</kw>
<kw name="Log" library="BuiltIn">
<arg>${EXECDIR}</arg>
<doc>Logs the given message with the given level.</doc>
<msg timestamp="20240606 15:45:37.295" level="INFO">C:\Users\ysavchenko\Documents\Projects\EMSDATES\DVUM\test-robot-image-gallery\TestSuite-UI\TestsSuite</msg>
<status status="PASS" starttime="20240606 15:45:37.295" endtime="20240606 15:45:37.295"/>
</kw>
<kw name="Create Webdriver" library="SeleniumLibrary">
<arg>driver_name=Chrome</arg>
<arg>executable_path=${EXECDIR}/Runners/chromedriver.exe</arg>
<arg>chrome_options=${options_chrome}</arg>
<doc>Creates an instance of Selenium WebDriver.</doc>
<msg timestamp="20240606 15:45:37.295" level="INFO">Creating an instance of the Chrome WebDriver.</msg>
<status status="PASS" starttime="20240606 15:45:37.295" endtime="20240606 15:45:39.454"/>
</kw>
<kw name="Set Window Size" library="SeleniumLibrary">
<arg>1920</arg>
<arg>1080</arg>
<doc>Sets current windows size to given ``width`` and ``height``.</doc>
<status status="PASS" starttime="20240606 15:45:39.455" endtime="20240606 15:45:39.473"/>
</kw>
<status status="PASS" starttime="20240606 15:45:37.295" endtime="20240606 15:45:39.474"/>
</kw>
<status status="PASS" starttime="20240606 15:45:37.294" endtime="20240606 15:45:39.474"/>
</kw>
<kw name="Go To" library="SeleniumLibrary">
<arg>${ng_galleryl_page}</arg>
<doc>Navigates the current browser window to the provided ``url``.</doc>
<msg timestamp="20240606 15:45:39.474" level="INFO">Opening url 'http://localhost:80/'</msg>
<status status="PASS" starttime="20240606 15:45:39.474" endtime="20240606 15:45:40.018"/>
</kw>
<kw name="Capture Page Screenshot" library="SeleniumLibrary">
<arg>filename=ng-gallery-main-page.png</arg>
<doc>Takes a screenshot of the current page and embeds it into a log file.</doc>
<msg timestamp="20240606 15:45:40.105" level="INFO" html="true">&lt;/td&gt;&lt;/tr&gt;&lt;tr&gt;&lt;td colspan="3"&gt;&lt;a href="ng-gallery-main-page.png"&gt;&lt;img src="ng-gallery-main-page.png" width="800px"&gt;&lt;/a&gt;</msg>
<status status="PASS" starttime="20240606 15:45:40.018" endtime="20240606 15:45:40.105"/>
</kw>
<status status="PASS" starttime="20240606 15:45:37.294" endtime="20240606 15:45:40.105"/>
</kw>
<kw name="Set Selenium Speed" library="SeleniumLibrary">
<arg>${SELENIUM_SPEED}</arg>
<doc>Sets the delay that is waited after each Selenium command.</doc>
<status status="PASS" starttime="20240606 15:45:40.106" endtime="20240606 15:45:40.106"/>
</kw>
<kw name="Capture Page Screenshot" library="SeleniumLibrary">
<arg>filename=NG-gallery-page.png</arg>
<doc>Takes a screenshot of the current page and embeds it into a log file.</doc>
<msg timestamp="20240606 15:45:40.681" level="INFO" html="true">&lt;/td&gt;&lt;/tr&gt;&lt;tr&gt;&lt;td colspan="3"&gt;&lt;a href="NG-gallery-page.png"&gt;&lt;img src="NG-gallery-page.png" width="800px"&gt;&lt;/a&gt;</msg>
<status status="PASS" starttime="20240606 15:45:40.107" endtime="20240606 15:45:40.681"/>
</kw>
<kw name="Click Element" library="SeleniumLibrary">
<arg>${DROP_DOWN_BOX}</arg>
<doc>Click the element identified by ``locator``.</doc>
<msg timestamp="20240606 15:45:40.684" level="INFO">Clicking element 'xpath://*[@class='mat-mdc-select-value']'.</msg>
<status status="PASS" starttime="20240606 15:45:40.682" endtime="20240606 15:45:41.776"/>
</kw>
<kw name="Capture Page Screenshot" library="SeleniumLibrary">
<arg>filename=drop-down-box.png</arg>
<doc>Takes a screenshot of the current page and embeds it into a log file.</doc>
<msg timestamp="20240606 15:45:42.331" level="INFO" html="true">&lt;/td&gt;&lt;/tr&gt;&lt;tr&gt;&lt;td colspan="3"&gt;&lt;a href="drop-down-box.png"&gt;&lt;img src="drop-down-box.png" width="800px"&gt;&lt;/a&gt;</msg>
<status status="PASS" starttime="20240606 15:45:41.776" endtime="20240606 15:45:42.332"/>
</kw>
<kw name="Click Element" library="SeleniumLibrary">
<arg>${DROP_DOWN_BOX_PRODUCT_TYPE}//*[contains(text(),' Meteosat 0 degree Imagery ')]</arg>
<doc>Click the element identified by ``locator``.</doc>
<msg timestamp="20240606 15:45:42.333" level="INFO">Clicking element 'xpath://*[@id='cdk-overlay-0']//*[contains(text(),' Meteosat 0 degree Imagery ')]'.</msg>
<status status="PASS" starttime="20240606 15:45:42.332" endtime="20240606 15:45:43.413"/>
</kw>
<kw name="Wait Until Keyword Succeeds" library="BuiltIn">
<arg>${RETRY_ATTEMPTS}</arg>
<arg>${RETRY_INTERVAL}</arg>
<arg>Page Should Contain Element</arg>
<arg>${LIST_BOX_LAYERS}//*[contains(text(),'High Rate SEVIRI IR3.9 μm Image - MSG - 0 degree')]</arg>
<arg>${LIST_BOX_LAYERS}//*[contains(text(),'High Rate SEVIRI IR10.8 μm Image - MSG - 0 degree')]</arg>
<doc>Runs the specified keyword and retries if it fails.</doc>
<kw name="Page Should Contain Element" library="SeleniumLibrary">
<arg>${LIST_BOX_LAYERS}//*[contains(text(),'High Rate SEVIRI IR3.9 μm Image - MSG - 0 degree')]</arg>
<arg>${LIST_BOX_LAYERS}//*[contains(text(),'High Rate SEVIRI IR10.8 μm Image - MSG - 0 degree')]</arg>
<doc>Verifies that element ``locator`` is found on the current page.</doc>
<msg timestamp="20240606 15:45:43.947" level="INFO">Current page contains element 'xpath://*[@role="listbox"]//*[contains(text(),'High Rate SEVIRI IR3.9 μm Image - MSG - 0 degree')]'.</msg>
<status status="PASS" starttime="20240606 15:45:43.415" endtime="20240606 15:45:43.947"/>
</kw>
<status status="PASS" starttime="20240606 15:45:43.414" endtime="20240606 15:45:43.949"/>
</kw>
<kw name="Capture Page Screenshot" library="SeleniumLibrary">
<arg>filename=layers-products-type-0-degree.png</arg>
<doc>Takes a screenshot of the current page and embeds it into a log file.</doc>
<msg timestamp="20240606 15:45:44.516" level="INFO" html="true">&lt;/td&gt;&lt;/tr&gt;&lt;tr&gt;&lt;td colspan="3"&gt;&lt;a href="layers-products-type-0-degree.png"&gt;&lt;img src="layers-products-type-0-degree.png" width="800px"&gt;&lt;/a&gt;</msg>
<status status="PASS" starttime="20240606 15:45:43.950" endtime="20240606 15:45:44.516"/>
</kw>
<kw name="Click Element" library="SeleniumLibrary">
<arg>${DROP_DOWN_BOX}</arg>
<doc>Click the element identified by ``locator``.</doc>
<msg timestamp="20240606 15:45:44.518" level="INFO">Clicking element 'xpath://*[@class='mat-mdc-select-value']'.</msg>
<status status="PASS" starttime="20240606 15:45:44.517" endtime="20240606 15:45:45.561"/>
</kw>
<kw name="Click Element" library="SeleniumLibrary">
<arg>${DROP_DOWN_BOX_PRODUCT_TYPE}//*[contains(text(),' MSGIODC RGB Composites ')]</arg>
<doc>Click the element identified by ``locator``.</doc>
<msg timestamp="20240606 15:45:45.563" level="INFO">Clicking element 'xpath://*[@id='cdk-overlay-0']//*[contains(text(),' MSGIODC RGB Composites ')]'.</msg>
<status status="PASS" starttime="20240606 15:45:45.562" endtime="20240606 15:45:46.636"/>
</kw>
<kw name="Wait Until Keyword Succeeds" library="BuiltIn">
<arg>${RETRY_ATTEMPTS}</arg>
<arg>${RETRY_INTERVAL}</arg>
<arg>Page Should Contain Element</arg>
<arg>${LIST_BOX_LAYERS}//*[contains(text(),'Airmass RGB - MSG - Indian Ocean')]</arg>
<arg>${LIST_BOX_LAYERS}//*[contains(text(),'Volcanic Ash RGB - MSG - Indian Ocean')]</arg>
<arg>${LIST_BOX_LAYERS}//*[contains(text(),'Convection RGB - MSG - Indian Ocean')]</arg>
<doc>Runs the specified keyword and retries if it fails.</doc>
<kw name="Page Should Contain Element" library="SeleniumLibrary">
<arg>${LIST_BOX_LAYERS}//*[contains(text(),'Airmass RGB - MSG - Indian Ocean')]</arg>
<arg>${LIST_BOX_LAYERS}//*[contains(text(),'Volcanic Ash RGB - MSG - Indian Ocean')]</arg>
<arg>${LIST_BOX_LAYERS}//*[contains(text(),'Convection RGB - MSG - Indian Ocean')]</arg>
<doc>Verifies that element ``locator`` is found on the current page.</doc>
<msg timestamp="20240606 15:45:47.158" level="INFO">Current page contains element 'xpath://*[@role="listbox"]//*[contains(text(),'Airmass RGB - MSG - Indian Ocean')]'.</msg>
<status status="PASS" starttime="20240606 15:45:46.637" endtime="20240606 15:45:47.158"/>
</kw>
<status status="PASS" starttime="20240606 15:45:46.636" endtime="20240606 15:45:47.158"/>
</kw>
<kw name="Capture Page Screenshot" library="SeleniumLibrary">
<arg>filename=layers-products-type-41-degree.png</arg>
<doc>Takes a screenshot of the current page and embeds it into a log file.</doc>
<msg timestamp="20240606 15:45:47.722" level="INFO" html="true">&lt;/td&gt;&lt;/tr&gt;&lt;tr&gt;&lt;td colspan="3"&gt;&lt;a href="layers-products-type-41-degree.png"&gt;&lt;img src="layers-products-type-41-degree.png" width="800px"&gt;&lt;/a&gt;</msg>
<status status="PASS" starttime="20240606 15:45:47.159" endtime="20240606 15:45:47.722"/>
</kw>
<kw name="Close Browser" library="SeleniumLibrary" type="TEARDOWN">
<doc>Closes the current browser.</doc>
<status status="PASS" starttime="20240606 15:45:47.723" endtime="20240606 15:45:50.784"/>
</kw>
<doc>Verify types of products with certain types of layers.
The following steps are executed:
- Open the NG Gallery page
- Click on the drop down box
-</doc>
<status status="PASS" starttime="20240606 15:45:37.292" endtime="20240606 15:45:50.785"/>
</test>
<doc>Each view should have their special list of layers.</doc>
<status status="PASS" starttime="20240606 15:45:36.946" endtime="20240606 15:45:50.787"/>
</suite>
<statistics>
<total>
<stat pass="1" fail="0" skip="0">All Tests</stat>
</total>
<tag>
</tag>
<suite>
<stat pass="1" fail="0" skip="0" id="s1" name="Test-GUI-TC-030">Test-GUI-TC-030</stat>
</suite>
</statistics>
<errors>
</errors>
</robot>
