<?xml version="1.0" encoding="UTF-8"?>
<robot generator="Robot 6.1.1 (Python 3.6.8 on win32)" generated="20240611 10:30:24.167" rpa="false" schemaversion="4">
<suite id="s1" name="Test-API-TC-050" source="C:\Users\ysavchenko\Documents\Projects\EMSDATES\DVUM\test-robot-image-gallery\TestSuite-API\TestsSuite\Test-API-TC-050.robot">
<test id="s1-t1" name="Test-API-TC-030" line="11">
<kw name="Open API" library="commonKeywords" type="SETUP">
<doc>Open the web browser passed as argument (default browser is chrome) and open the API page</doc>
<kw name="Run Keyword" library="BuiltIn">
<arg>Setup ${browser}</arg>
<doc>Executes the given keyword with the given arguments.</doc>
<kw name="Setup chrome" library="commonKeywords">
<doc>Configure the google chrome webdriver</doc>
<kw name="Evaluate" library="BuiltIn">
<var>${options_chrome}</var>
<arg>sys.modules['selenium.webdriver'].ChromeOptions()</arg>
<arg>sys, selenium.webdriver</arg>
<doc>Evaluates the given expression in Python and returns the result.</doc>
<msg timestamp="20240611 10:30:25.125" level="INFO">${options_chrome} = &lt;selenium.webdriver.chrome.options.Options object at 0x0000028136562BE0&gt;</msg>
<status status="PASS" starttime="20240611 10:30:25.125" endtime="20240611 10:30:25.125"/>
</kw>
<kw name="Call Method" library="BuiltIn">
<arg>${options_chrome}</arg>
<arg>add_argument</arg>
<arg>no-sandbox</arg>
<doc>Calls the named method of the given object with the provided arguments.</doc>
<status status="PASS" starttime="20240611 10:30:25.125" endtime="20240611 10:30:25.126"/>
</kw>
<kw name="Call Method" library="BuiltIn">
<arg>${options_chrome}</arg>
<arg>add_argument</arg>
<arg>headless</arg>
<doc>Calls the named method of the given object with the provided arguments.</doc>
<status status="PASS" starttime="20240611 10:30:25.126" endtime="20240611 10:30:25.126"/>
</kw>
<kw name="Call Method" library="BuiltIn">
<arg>${options_chrome}</arg>
<arg>add_argument</arg>
<arg>enable-automation</arg>
<doc>Calls the named method of the given object with the provided arguments.</doc>
<status status="PASS" starttime="20240611 10:30:25.126" endtime="20240611 10:30:25.127"/>
</kw>
<kw name="Call Method" library="BuiltIn">
<arg>${options_chrome}</arg>
<arg>add_argument</arg>
<arg>disable-gpu</arg>
<doc>Calls the named method of the given object with the provided arguments.</doc>
<status status="PASS" starttime="20240611 10:30:25.127" endtime="20240611 10:30:25.129"/>
</kw>
<kw name="Call Method" library="BuiltIn">
<arg>${options_chrome}</arg>
<arg>add_argument</arg>
<arg>force-device-scale-factor\=0.65</arg>
<doc>Calls the named method of the given object with the provided arguments.</doc>
<status status="PASS" starttime="20240611 10:30:25.129" endtime="20240611 10:30:25.132"/>
</kw>
<kw name="Log" library="BuiltIn">
<arg>${EXECDIR}</arg>
<doc>Logs the given message with the given level.</doc>
<msg timestamp="20240611 10:30:25.132" level="INFO">C:\Users\ysavchenko\Documents\Projects\EMSDATES\DVUM\test-robot-image-gallery\TestSuite-API\TestsSuite</msg>
<status status="PASS" starttime="20240611 10:30:25.132" endtime="20240611 10:30:25.132"/>
</kw>
<kw name="Create Webdriver" library="SeleniumLibrary">
<arg>driver_name=Chrome</arg>
<arg>executable_path=${EXECDIR}/Runners/chromedriver.exe</arg>
<arg>chrome_options=${options_chrome}</arg>
<doc>Creates an instance of Selenium WebDriver.</doc>
<msg timestamp="20240611 10:30:25.133" level="INFO">Creating an instance of the Chrome WebDriver.</msg>
<status status="PASS" starttime="20240611 10:30:25.132" endtime="20240611 10:30:27.910"/>
</kw>
<kw name="Set Window Size" library="SeleniumLibrary">
<arg>1920</arg>
<arg>1080</arg>
<doc>Sets current windows size to given ``width`` and ``height``.</doc>
<status status="PASS" starttime="20240611 10:30:27.910" endtime="20240611 10:30:27.936"/>
</kw>
<status status="PASS" starttime="20240611 10:30:25.124" endtime="20240611 10:30:27.936"/>
</kw>
<status status="PASS" starttime="20240611 10:30:25.110" endtime="20240611 10:30:27.936"/>
</kw>
<kw name="Go To" library="SeleniumLibrary">
<arg>${ng_api_page}</arg>
<doc>Navigates the current browser window to the provided ``url``.</doc>
<msg timestamp="20240611 10:30:27.937" level="INFO">Opening url 'http://localhost:5000/'</msg>
<status status="PASS" starttime="20240611 10:30:27.936" endtime="20240611 10:30:29.405"/>
</kw>
<kw name="Capture Page Screenshot" library="SeleniumLibrary">
<arg>filename=ng-api-page.png</arg>
<doc>Takes a screenshot of the current page and embeds it into a log file.</doc>
<msg timestamp="20240611 10:30:29.881" level="INFO" html="true">&lt;/td&gt;&lt;/tr&gt;&lt;tr&gt;&lt;td colspan="3"&gt;&lt;a href="ng-api-page.png"&gt;&lt;img src="ng-api-page.png" width="800px"&gt;&lt;/a&gt;</msg>
<status status="PASS" starttime="20240611 10:30:29.405" endtime="20240611 10:30:29.881"/>
</kw>
<status status="PASS" starttime="20240611 10:30:25.110" endtime="20240611 10:30:29.881"/>
</kw>
<kw name="Create Session" library="RequestsLibrary">
<arg>API_testing</arg>
<arg>${api_base_endpoint}</arg>
<doc>Create Session: create a HTTP session to a server</doc>
<msg timestamp="20240611 10:30:29.882" level="INFO">Creating Session using : alias=API_testing, url=http://localhost:5000/, headers={},                     cookies={}, auth=None, timeout=None, proxies=None, verify=False,                     debug=0 </msg>
<status status="PASS" starttime="20240611 10:30:29.882" endtime="20240611 10:30:29.883"/>
</kw>
<kw name="GET On Session" library="RequestsLibrary">
<var>${get_response}</var>
<arg>API_testing</arg>
<arg>list-supported-formats</arg>
<doc>Sends a GET request on a previously created HTTP Session.</doc>
<msg timestamp="20240611 10:30:29.905" level="INFO">GET Request : url=http://localhost:5000/list-supported-formats 
 path_url=/list-supported-formats 
 headers={'User-Agent': 'python-requests/2.27.1', 'Accept-Encoding': 'gzip, deflate', 'Accept': '*/*', 'Connection': 'keep-alive'} 
 body=None 
 </msg>
<msg timestamp="20240611 10:30:29.905" level="INFO">GET Response : url=http://localhost:5000/list-supported-formats 
 status=200, reason=OK 
 headers={'Server': 'Werkzeug/2.2.2 Python/3.9.19', 'Date': 'Tue, 11 Jun 2024 09:30:29 GMT', 'Content-Type': 'application/json', 'Content-Length': '316', 'Access-Control-Allow-Origin': '*', 'Connection': 'close'} 
 body={"formats": ["tiff", "png", "jpeg"], "_links": {"add format=tiff as image parameter": "http://172.17.0.2:5000/add-parameter?format=tiff", "add format=png as image parameter": "http://172.17.0.2:5000/add-parameter?format=png", "add format=jpeg as image parameter": "http://172.17.0.2:5000/add-parameter?format=jpeg"}} 
 </msg>
<msg timestamp="20240611 10:30:29.905" level="INFO">${get_response} = &lt;Response [200]&gt;</msg>
<status status="PASS" starttime="20240611 10:30:29.883" endtime="20240611 10:30:29.905"/>
</kw>
<kw name="Set Variable" library="BuiltIn">
<var>${json_response}</var>
<arg>${get_response.json()}</arg>
<doc>Returns the given values which can then be assigned to a variables.</doc>
<msg timestamp="20240611 10:30:29.907" level="INFO">${json_response} = {'formats': ['tiff', 'png', 'jpeg'], '_links': {'add format=tiff as image parameter': 'http://172.17.0.2:5000/add-parameter?format=tiff', 'add format=png as image parameter': 'http://172.17.0.2:5000/a...</msg>
<status status="PASS" starttime="20240611 10:30:29.906" endtime="20240611 10:30:29.907"/>
</kw>
<kw name="Get Length" library="BuiltIn">
<var>${count}</var>
<arg>${json_response['formats']}</arg>
<doc>Returns and logs the length of the given item as an integer.</doc>
<msg timestamp="20240611 10:30:29.909" level="INFO">Length is 3</msg>
<msg timestamp="20240611 10:30:29.910" level="INFO">${count} = 3</msg>
<status status="PASS" starttime="20240611 10:30:29.908" endtime="20240611 10:30:29.910"/>
</kw>
<kw name="Should Be Larger Than" library="commonKeywords">
<arg>${count}</arg>
<arg>0</arg>
<kw name="Run Keyword If" library="BuiltIn">
<arg>${value_1} &lt;= ${value_2}</arg>
<arg>Fail</arg>
<arg>The value ${value_1} is not larger than ${value_2}</arg>
<doc>Runs the given keyword with the given arguments, if ``condition`` is true.</doc>
<status status="PASS" starttime="20240611 10:30:29.911" endtime="20240611 10:30:29.914"/>
</kw>
<status status="PASS" starttime="20240611 10:30:29.910" endtime="20240611 10:30:29.914"/>
</kw>
<kw name="Get Length" library="BuiltIn">
<var>${count}</var>
<arg>${json_response['_links']}</arg>
<doc>Returns and logs the length of the given item as an integer.</doc>
<msg timestamp="20240611 10:30:29.915" level="INFO">Length is 3</msg>
<msg timestamp="20240611 10:30:29.915" level="INFO">${count} = 3</msg>
<status status="PASS" starttime="20240611 10:30:29.914" endtime="20240611 10:30:29.915"/>
</kw>
<kw name="Should Be Larger Than" library="commonKeywords">
<arg>${count}</arg>
<arg>0</arg>
<kw name="Run Keyword If" library="BuiltIn">
<arg>${value_1} &lt;= ${value_2}</arg>
<arg>Fail</arg>
<arg>The value ${value_1} is not larger than ${value_2}</arg>
<doc>Runs the given keyword with the given arguments, if ``condition`` is true.</doc>
<status status="PASS" starttime="20240611 10:30:29.916" endtime="20240611 10:30:29.917"/>
</kw>
<status status="PASS" starttime="20240611 10:30:29.916" endtime="20240611 10:30:29.917"/>
</kw>
<kw name="Close Browser" library="SeleniumLibrary" type="TEARDOWN">
<doc>Closes the current browser.</doc>
<status status="PASS" starttime="20240611 10:30:29.917" endtime="20240611 10:30:33.009"/>
</kw>
<doc>Verify call endpoint and check that payload does contain formats data (jpeg, png, tiff).
The following steps are executed:
- Open the API page
- Call list-supported-formats
- Verify if content length is greater than 0</doc>
<status status="PASS" starttime="20240611 10:30:25.104" endtime="20240611 10:30:33.010"/>
</test>
<doc>This test verifies that the API functions retrieve list supported format.</doc>
<status status="PASS" starttime="20240611 10:30:24.174" endtime="20240611 10:30:33.013"/>
</suite>
<statistics>
<total>
<stat pass="1" fail="0" skip="0">All Tests</stat>
</total>
<tag>
</tag>
<suite>
<stat pass="1" fail="0" skip="0" id="s1" name="Test-API-TC-050">Test-API-TC-050</stat>
</suite>
</statistics>
<errors>
</errors>
</robot>
